[25/01/26 20:24:03][__main__][INFO] - Sample script. The outputs will be stored in:
[25/01/26 20:24:03][__main__][INFO] - C:\Users\alexb\Develop\ProbTalk3D-ARKit\results\generation\vqvae_pred\stage_2\0.2
[25/01/26 20:24:03][__main__][INFO] - Using default motion prior.
[25/01/26 20:24:03][__main__][INFO] - Loading model
[26/01/26 11:01:45][__main__][INFO] - Sample script. The outputs will be stored in:
[26/01/26 11:01:45][__main__][INFO] - C:\Users\alexb\Develop\ProbTalk3D-ARKit\results\generation\vqvae_pred\stage_2\0.2
[26/01/26 11:01:45][__main__][INFO] - Using default motion prior.
[26/01/26 11:01:45][__main__][INFO] - Loading model
[26/01/26 11:19:44][__main__][INFO] - Sample script. The outputs will be stored in:
[26/01/26 11:19:44][__main__][INFO] - C:\Users\alexb\Develop\ProbTalk3D-ARKit\results\generation\vqvae_pred\stage_2\0.2
[26/01/26 11:19:44][__main__][INFO] - Using default motion prior.
[26/01/26 11:19:44][__main__][INFO] - Loading model
[26/01/26 11:19:53][framework.model.model_vqvae_pred][INFO] - 1. Audio feature extractor 'HuBERT' loaded
[26/01/26 11:19:53][framework.model.model_vqvae_prior][INFO] - (1). Motion Encoder 'transformer_encoder' loaded
[26/01/26 11:19:53][framework.model.model_vqvae_prior][INFO] - (2). Motion Decoder 'transformer_decoder' loaded
[26/01/26 11:19:53][framework.model.model_vqvae_pred][INFO] - 2. 'VQVAE Motion Autoencoder' loaded
[26/01/26 11:19:53][framework.model.utils.tools][INFO] - Model weights restored.
[26/01/26 11:19:53][framework.model.utils.tools][INFO] - Model in eval mode.
[26/01/26 11:19:53][framework.model.model_vqvae_pred][INFO] - 3. 'Audio Encoder' loaded
[26/01/26 11:19:53][__main__][INFO] - Model 'ProbTalk3D' loaded
[26/01/26 11:19:54][framework.model.utils.tools][INFO] - Model weights restored.
[26/01/26 11:19:54][framework.model.utils.tools][INFO] - Model in eval mode.
[26/01/26 11:20:09][__main__][INFO] - All the sampling are done. You can find them here:
C:\Users\alexb\Develop\ProbTalk3D-ARKit\results\generation\vqvae_pred\stage_2\0.2
[26/01/26 11:25:41][__main__][INFO] - Video saved at: results/generation/vqvae_pred/stage_2/0.2/renders/facediff_face
